<?xml version="1.0" encoding="UTF-8"?>
<robot generator="Robot 7.0.1 (Python 3.12.1 on darwin)" generated="2025-04-15T14:38:31.802402" rpa="false" schemaversion="5">
<suite id="s1" name="GestionUtilisateurs" source="/Users/nicolasbellina/Desktop/BeginnersGuide/Tests/GestionUtilisateurs.robot">
<kw name="Ouvrir le navigateur et se connecter" owner="UserManagement" type="SETUP">
<kw name="Open Browser" owner="SeleniumLibrary">
<msg time="2025-04-15T14:38:31.849027" level="INFO">Opening browser 'chrome' to base url 'https://opensource-demo.orangehrmlive.com/web/index.php/auth/login'.</msg>
<arg>${URL}</arg>
<arg>${BROWSER}</arg>
<doc>Opens a new browser instance to the optional ``url``.</doc>
<status status="PASS" start="2025-04-15T14:38:31.848924" elapsed="2.688667"/>
</kw>
<kw name="Maximize Browser Window" owner="SeleniumLibrary">
<doc>Maximizes current browser window.</doc>
<status status="PASS" start="2025-04-15T14:38:34.538065" elapsed="0.386329"/>
</kw>
<kw name="Sleep" owner="BuiltIn">
<msg time="2025-04-15T14:38:36.925637" level="INFO">Slept 2 seconds.</msg>
<arg>2s</arg>
<doc>Pauses the test executed for the given time.</doc>
<status status="PASS" start="2025-04-15T14:38:34.924647" elapsed="2.001247"/>
</kw>
<kw name="Wait Until Element Is Visible" owner="SeleniumLibrary">
<arg>name=username</arg>
<arg>10s</arg>
<doc>Waits until the element ``locator`` is visible.</doc>
<status status="PASS" start="2025-04-15T14:38:36.926291" elapsed="0.026836"/>
</kw>
<kw name="Input Text" owner="SeleniumLibrary">
<msg time="2025-04-15T14:38:36.953553" level="INFO">Typing text 'Admin' into text field 'name=username'.</msg>
<arg>name=username</arg>
<arg>${USERNAME}</arg>
<doc>Types the given ``text`` into the text field identified by ``locator``.</doc>
<status status="PASS" start="2025-04-15T14:38:36.953304" elapsed="0.072949"/>
</kw>
<kw name="Input Text" owner="SeleniumLibrary">
<msg time="2025-04-15T14:38:37.026589" level="INFO">Typing text 'admin123' into text field 'name=password'.</msg>
<arg>name=password</arg>
<arg>${PASSWORD}</arg>
<doc>Types the given ``text`` into the text field identified by ``locator``.</doc>
<status status="PASS" start="2025-04-15T14:38:37.026429" elapsed="0.032644"/>
</kw>
<kw name="Click Button" owner="SeleniumLibrary">
<msg time="2025-04-15T14:38:37.059404" level="INFO">Clicking button 'xpath=//button[@type='submit']'.</msg>
<arg>xpath=//button[@type='submit']</arg>
<doc>Clicks the button identified by ``locator``.</doc>
<status status="PASS" start="2025-04-15T14:38:37.059260" elapsed="0.967829"/>
</kw>
<kw name="Sleep" owner="BuiltIn">
<msg time="2025-04-15T14:38:40.028306" level="INFO">Slept 2 seconds.</msg>
<arg>2s</arg>
<doc>Pauses the test executed for the given time.</doc>
<status status="PASS" start="2025-04-15T14:38:38.027207" elapsed="2.001339"/>
</kw>
<status status="PASS" start="2025-04-15T14:38:31.848630" elapsed="8.180222"/>
</kw>
<test id="s1-t1" name="Test Ajout Utilisateur" line="8">
<kw name="Given Accéder à la page Admin" owner="UserManagement">
<kw name="Wait Until Element Is Visible" owner="SeleniumLibrary">
<arg>xpath=//a[contains(@href, '/admin/viewAdminModule')]</arg>
<arg>10s</arg>
<doc>Waits until the element ``locator`` is visible.</doc>
<status status="PASS" start="2025-04-15T14:38:40.031251" elapsed="0.021489"/>
</kw>
<kw name="Click Element" owner="SeleniumLibrary">
<msg time="2025-04-15T14:38:40.053130" level="INFO">Clicking element 'xpath=//a[contains(@href, '/admin/viewAdminModule')]'.</msg>
<arg>xpath=//a[contains(@href, '/admin/viewAdminModule')]</arg>
<doc>Click the element identified by ``locator``.</doc>
<status status="PASS" start="2025-04-15T14:38:40.052945" elapsed="1.288761"/>
</kw>
<kw name="Sleep" owner="BuiltIn">
<msg time="2025-04-15T14:38:43.343970" level="INFO">Slept 2 seconds.</msg>
<arg>2s</arg>
<doc>Pauses the test executed for the given time.</doc>
<status status="PASS" start="2025-04-15T14:38:41.341864" elapsed="2.002212"/>
</kw>
<status status="PASS" start="2025-04-15T14:38:40.030641" elapsed="3.313523"/>
</kw>
<kw name="When Créer un nouvel utilisateur" owner="UserManagement">
<kw name="Wait Until Element Is Visible" owner="SeleniumLibrary">
<arg>xpath=//button[normalize-space()='Add']</arg>
<arg>10s</arg>
<doc>Waits until the element ``locator`` is visible.</doc>
<status status="PASS" start="2025-04-15T14:38:43.344589" elapsed="0.010771"/>
</kw>
<kw name="Click Button" owner="SeleniumLibrary">
<msg time="2025-04-15T14:38:43.355661" level="INFO">Clicking button 'xpath=//button[normalize-space()='Add']'.</msg>
<arg>xpath=//button[normalize-space()='Add']</arg>
<doc>Clicks the button identified by ``locator``.</doc>
<status status="PASS" start="2025-04-15T14:38:43.355521" elapsed="0.283832"/>
</kw>
<kw name="Sleep" owner="BuiltIn">
<msg time="2025-04-15T14:38:45.639855" level="INFO">Slept 2 seconds.</msg>
<arg>2s</arg>
<doc>Pauses the test executed for the given time.</doc>
<status status="PASS" start="2025-04-15T14:38:43.639488" elapsed="2.000601"/>
</kw>
<kw name="Wait Until Element Is Visible" owner="SeleniumLibrary">
<arg>xpath=//label[normalize-space()='User Role']/../..//div[contains(@class, 'oxd-select-text')]</arg>
<arg>10s</arg>
<doc>Waits until the element ``locator`` is visible.</doc>
<status status="PASS" start="2025-04-15T14:38:45.640445" elapsed="0.024907"/>
</kw>
<kw name="Click Element" owner="SeleniumLibrary">
<msg time="2025-04-15T14:38:45.665800" level="INFO">Clicking element 'xpath=//label[normalize-space()='User Role']/../..//div[contains(@class, 'oxd-select-text')]'.</msg>
<arg>xpath=//label[normalize-space()='User Role']/../..//div[contains(@class, 'oxd-select-text')]</arg>
<doc>Click the element identified by ``locator``.</doc>
<status status="PASS" start="2025-04-15T14:38:45.665579" elapsed="0.048078"/>
</kw>
<kw name="Sleep" owner="BuiltIn">
<msg time="2025-04-15T14:38:46.715220" level="INFO">Slept 1 second.</msg>
<arg>1s</arg>
<doc>Pauses the test executed for the given time.</doc>
<status status="PASS" start="2025-04-15T14:38:45.713768" elapsed="1.001768"/>
</kw>
<kw name="Click Element" owner="SeleniumLibrary">
<msg time="2025-04-15T14:38:46.716568" level="INFO">Clicking element 'xpath=//div[@role='listbox']//span[text()='ESS']'.</msg>
<arg>xpath=//div[@role='listbox']//span[text()='${USER_ROLE}']</arg>
<doc>Click the element identified by ``locator``.</doc>
<status status="PASS" start="2025-04-15T14:38:46.715946" elapsed="0.053795"/>
</kw>
<kw name="Wait Until Element Is Visible" owner="SeleniumLibrary">
<arg>xpath=//input[@placeholder='Type for hints...']</arg>
<arg>10s</arg>
<doc>Waits until the element ``locator`` is visible.</doc>
<status status="PASS" start="2025-04-15T14:38:46.769873" elapsed="0.009821"/>
</kw>
<kw name="Input Text" owner="SeleniumLibrary">
<msg time="2025-04-15T14:38:46.779949" level="INFO">Typing text 'Timothy Lewis Amiano' into text field 'xpath=//input[@placeholder='Type for hints...']'.</msg>
<arg>xpath=//input[@placeholder='Type for hints...']</arg>
<arg>${EMPLOYEE_NAME}</arg>
<doc>Types the given ``text`` into the text field identified by ``locator``.</doc>
<status status="PASS" start="2025-04-15T14:38:46.779808" elapsed="0.031476"/>
</kw>
<kw name="Sleep" owner="BuiltIn">
<msg time="2025-04-15T14:38:48.812894" level="INFO">Slept 2 seconds.</msg>
<arg>2s</arg>
<doc>Pauses the test executed for the given time.</doc>
<status status="PASS" start="2025-04-15T14:38:46.811543" elapsed="2.001610"/>
</kw>
<kw name="Wait Until Element Is Visible" owner="SeleniumLibrary">
<arg>xpath=//div[@role='listbox']//div[@role='option']</arg>
<arg>10s</arg>
<doc>Waits until the element ``locator`` is visible.</doc>
<status status="PASS" start="2025-04-15T14:38:48.813533" elapsed="0.023621"/>
</kw>
<kw name="Click Element" owner="SeleniumLibrary">
<msg time="2025-04-15T14:38:48.837593" level="INFO">Clicking element 'xpath=//div[@role='listbox']//div[@role='option']'.</msg>
<arg>xpath=//div[@role='listbox']//div[@role='option']</arg>
<doc>Click the element identified by ``locator``.</doc>
<status status="PASS" start="2025-04-15T14:38:48.837384" elapsed="0.050008"/>
</kw>
<kw name="Wait Until Element Is Visible" owner="SeleniumLibrary">
<arg>xpath=//label[normalize-space()='Status']/../..//div[contains(@class, 'oxd-select-text')]</arg>
<arg>10s</arg>
<doc>Waits until the element ``locator`` is visible.</doc>
<status status="PASS" start="2025-04-15T14:38:48.887508" elapsed="0.008020"/>
</kw>
<kw name="Click Element" owner="SeleniumLibrary">
<msg time="2025-04-15T14:38:48.895721" level="INFO">Clicking element 'xpath=//label[normalize-space()='Status']/../..//div[contains(@class, 'oxd-select-text')]'.</msg>
<arg>xpath=//label[normalize-space()='Status']/../..//div[contains(@class, 'oxd-select-text')]</arg>
<doc>Click the element identified by ``locator``.</doc>
<status status="PASS" start="2025-04-15T14:38:48.895628" elapsed="0.030389"/>
</kw>
<kw name="Sleep" owner="BuiltIn">
<msg time="2025-04-15T14:38:49.926600" level="INFO">Slept 1 second.</msg>
<arg>1s</arg>
<doc>Pauses the test executed for the given time.</doc>
<status status="PASS" start="2025-04-15T14:38:48.926127" elapsed="1.000683"/>
</kw>
<kw name="Click Element" owner="SeleniumLibrary">
<msg time="2025-04-15T14:38:49.927746" level="INFO">Clicking element 'xpath=//div[@role='listbox']//span[text()='Enabled']'.</msg>
<arg>xpath=//div[@role='listbox']//span[text()='${STATUS}']</arg>
<doc>Click the element identified by ``locator``.</doc>
<status status="PASS" start="2025-04-15T14:38:49.927154" elapsed="0.055392"/>
</kw>
<kw name="Wait Until Element Is Visible" owner="SeleniumLibrary">
<arg>xpath=//label[normalize-space()='Username']/../..//input</arg>
<arg>10s</arg>
<doc>Waits until the element ``locator`` is visible.</doc>
<status status="PASS" start="2025-04-15T14:38:49.982679" elapsed="0.017118"/>
</kw>
<kw name="Input Text" owner="SeleniumLibrary">
<msg time="2025-04-15T14:38:50.000032" level="INFO">Typing text 'Robotframework' into text field 'xpath=//label[normalize-space()='Username']/../..//input'.</msg>
<arg>xpath=//label[normalize-space()='Username']/../..//input</arg>
<arg>${NEW_USERNAME}</arg>
<doc>Types the given ``text`` into the text field identified by ``locator``.</doc>
<status status="PASS" start="2025-04-15T14:38:49.999905" elapsed="0.033408"/>
</kw>
<kw name="Wait Until Element Is Visible" owner="SeleniumLibrary">
<arg>xpath=//label[normalize-space()='Password']/../..//input</arg>
<arg>10s</arg>
<doc>Waits until the element ``locator`` is visible.</doc>
<status status="PASS" start="2025-04-15T14:38:50.033426" elapsed="0.010539"/>
</kw>
<kw name="Input Text" owner="SeleniumLibrary">
<msg time="2025-04-15T14:38:50.044179" level="INFO">Typing text 'Admin123!@#' into text field 'xpath=//label[normalize-space()='Password']/../..//input'.</msg>
<arg>xpath=//label[normalize-space()='Password']/../..//input</arg>
<arg>${NEW_PASSWORD}</arg>
<doc>Types the given ``text`` into the text field identified by ``locator``.</doc>
<status status="PASS" start="2025-04-15T14:38:50.044066" elapsed="0.027707"/>
</kw>
<kw name="Wait Until Element Is Visible" owner="SeleniumLibrary">
<arg>xpath=//label[normalize-space()='Confirm Password']/../..//input</arg>
<arg>10s</arg>
<doc>Waits until the element ``locator`` is visible.</doc>
<status status="PASS" start="2025-04-15T14:38:50.071888" elapsed="0.007016"/>
</kw>
<kw name="Input Text" owner="SeleniumLibrary">
<msg time="2025-04-15T14:38:50.079093" level="INFO">Typing text 'Admin123!@#' into text field 'xpath=//label[normalize-space()='Confirm Password']/../..//input'.</msg>
<arg>xpath=//label[normalize-space()='Confirm Password']/../..//input</arg>
<arg>${NEW_PASSWORD}</arg>
<doc>Types the given ``text`` into the text field identified by ``locator``.</doc>
<status status="PASS" start="2025-04-15T14:38:50.078989" elapsed="0.023143"/>
</kw>
<kw name="Click Button" owner="SeleniumLibrary">
<msg time="2025-04-15T14:38:50.102318" level="INFO">Clicking button 'xpath=//button[normalize-space()='Save']'.</msg>
<arg>xpath=//button[normalize-space()='Save']</arg>
<doc>Clicks the button identified by ``locator``.</doc>
<status status="PASS" start="2025-04-15T14:38:50.102231" elapsed="0.032649"/>
</kw>
<kw name="Sleep" owner="BuiltIn">
<msg time="2025-04-15T14:38:52.136796" level="INFO">Slept 2 seconds.</msg>
<arg>2s</arg>
<doc>Pauses the test executed for the given time.</doc>
<status status="PASS" start="2025-04-15T14:38:50.134980" elapsed="2.002007"/>
</kw>
<status status="PASS" start="2025-04-15T14:38:43.344433" elapsed="8.792727"/>
</kw>
<kw name="Sleep" owner="BuiltIn">
<msg time="2025-04-15T14:38:55.140580" level="INFO">Slept 3 seconds.</msg>
<arg>3s</arg>
<doc>Pauses the test executed for the given time.</doc>
<status status="PASS" start="2025-04-15T14:38:52.137684" elapsed="3.003150"/>
</kw>
<kw name="And Rechercher l'utilisateur créé" owner="UserManagement">
<kw name="Wait Until Element Is Visible" owner="SeleniumLibrary">
<arg>xpath=//label[normalize-space()='Username']/../..//input</arg>
<arg>10s</arg>
<doc>Waits until the element ``locator`` is visible.</doc>
<status status="PASS" start="2025-04-15T14:38:55.142063" elapsed="0.021396"/>
</kw>
<kw name="Input Text" owner="SeleniumLibrary">
<msg time="2025-04-15T14:38:55.163961" level="INFO">Typing text 'Robotframework' into text field 'xpath=//label[normalize-space()='Username']/../..//input'.</msg>
<arg>xpath=//label[normalize-space()='Username']/../..//input</arg>
<arg>${NEW_USERNAME}</arg>
<doc>Types the given ``text`` into the text field identified by ``locator``.</doc>
<status status="PASS" start="2025-04-15T14:38:55.163689" elapsed="0.061917"/>
</kw>
<kw name="Wait Until Element Is Visible" owner="SeleniumLibrary">
<arg>xpath=//button[@type='submit']</arg>
<arg>10s</arg>
<doc>Waits until the element ``locator`` is visible.</doc>
<status status="PASS" start="2025-04-15T14:38:55.225795" elapsed="0.008136"/>
</kw>
<kw name="Click Element" owner="SeleniumLibrary">
<msg time="2025-04-15T14:38:55.234245" level="INFO">Clicking element 'xpath=//button[@type='submit']'.</msg>
<arg>xpath=//button[@type='submit']</arg>
<doc>Click the element identified by ``locator``.</doc>
<status status="PASS" start="2025-04-15T14:38:55.234102" elapsed="0.039726"/>
</kw>
<kw name="Sleep" owner="BuiltIn">
<msg time="2025-04-15T14:38:57.274775" level="INFO">Slept 2 seconds.</msg>
<arg>2s</arg>
<doc>Pauses the test executed for the given time.</doc>
<status status="PASS" start="2025-04-15T14:38:55.273993" elapsed="2.001031"/>
</kw>
<status status="PASS" start="2025-04-15T14:38:55.141556" elapsed="2.133674"/>
</kw>
<kw name="Then Page Should Contain" owner="SeleniumLibrary">
<msg time="2025-04-15T14:38:57.294976" level="INFO">Current page contains text 'Robotframework'.</msg>
<arg>${NEW_USERNAME}</arg>
<doc>Verifies that current page contains ``text``.</doc>
<status status="PASS" start="2025-04-15T14:38:57.275799" elapsed="0.019298"/>
</kw>
<doc>Test d'ajout d'un nouvel utilisateur</doc>
<tag>create</tag>
<tag>user_management</tag>
<status status="PASS" start="2025-04-15T14:38:40.029168" elapsed="17.266210"/>
</test>
<test id="s1-t2" name="Test Recherche Utilisateur" line="17">
<kw name="Given Accéder à la page Admin" owner="UserManagement">
<kw name="Wait Until Element Is Visible" owner="SeleniumLibrary">
<arg>xpath=//a[contains(@href, '/admin/viewAdminModule')]</arg>
<arg>10s</arg>
<doc>Waits until the element ``locator`` is visible.</doc>
<status status="PASS" start="2025-04-15T14:38:57.296455" elapsed="0.012416"/>
</kw>
<kw name="Click Element" owner="SeleniumLibrary">
<msg time="2025-04-15T14:38:57.309165" level="INFO">Clicking element 'xpath=//a[contains(@href, '/admin/viewAdminModule')]'.</msg>
<arg>xpath=//a[contains(@href, '/admin/viewAdminModule')]</arg>
<doc>Click the element identified by ``locator``.</doc>
<status status="PASS" start="2025-04-15T14:38:57.309017" elapsed="0.478568"/>
</kw>
<kw name="Sleep" owner="BuiltIn">
<msg time="2025-04-15T14:38:59.790438" level="INFO">Slept 2 seconds.</msg>
<arg>2s</arg>
<doc>Pauses the test executed for the given time.</doc>
<status status="PASS" start="2025-04-15T14:38:57.787755" elapsed="2.002895"/>
</kw>
<status status="PASS" start="2025-04-15T14:38:57.296199" elapsed="2.494638"/>
</kw>
<kw name="When Rechercher l'utilisateur créé" owner="UserManagement">
<kw name="Wait Until Element Is Visible" owner="SeleniumLibrary">
<arg>xpath=//label[normalize-space()='Username']/../..//input</arg>
<arg>10s</arg>
<doc>Waits until the element ``locator`` is visible.</doc>
<status status="PASS" start="2025-04-15T14:38:59.792206" elapsed="0.021328"/>
</kw>
<kw name="Input Text" owner="SeleniumLibrary">
<msg time="2025-04-15T14:38:59.814078" level="INFO">Typing text 'Robotframework' into text field 'xpath=//label[normalize-space()='Username']/../..//input'.</msg>
<arg>xpath=//label[normalize-space()='Username']/../..//input</arg>
<arg>${NEW_USERNAME}</arg>
<doc>Types the given ``text`` into the text field identified by ``locator``.</doc>
<status status="PASS" start="2025-04-15T14:38:59.813779" elapsed="0.038856"/>
</kw>
<kw name="Wait Until Element Is Visible" owner="SeleniumLibrary">
<arg>xpath=//button[@type='submit']</arg>
<arg>10s</arg>
<doc>Waits until the element ``locator`` is visible.</doc>
<status status="PASS" start="2025-04-15T14:38:59.852750" elapsed="0.007165"/>
</kw>
<kw name="Click Element" owner="SeleniumLibrary">
<msg time="2025-04-15T14:38:59.860115" level="INFO">Clicking element 'xpath=//button[@type='submit']'.</msg>
<arg>xpath=//button[@type='submit']</arg>
<doc>Click the element identified by ``locator``.</doc>
<status status="PASS" start="2025-04-15T14:38:59.860016" elapsed="0.017917"/>
</kw>
<kw name="Sleep" owner="BuiltIn">
<msg time="2025-04-15T14:39:01.880486" level="INFO">Slept 2 seconds.</msg>
<arg>2s</arg>
<doc>Pauses the test executed for the given time.</doc>
<status status="PASS" start="2025-04-15T14:38:59.878019" elapsed="2.002725"/>
</kw>
<status status="PASS" start="2025-04-15T14:38:59.791441" elapsed="2.089520"/>
</kw>
<kw name="Then Page Should Contain" owner="SeleniumLibrary">
<msg time="2025-04-15T14:39:01.896641" level="INFO">Current page contains text 'Robotframework'.</msg>
<arg>${NEW_USERNAME}</arg>
<doc>Verifies that current page contains ``text``.</doc>
<status status="PASS" start="2025-04-15T14:39:01.881456" elapsed="0.015374"/>
</kw>
<kw name="And Element Should Be Visible" owner="SeleniumLibrary">
<msg time="2025-04-15T14:39:01.918302" level="INFO">Element 'xpath=//div[text()='Robotframework']' is displayed.</msg>
<arg>xpath=//div[text()='${NEW_USERNAME}']</arg>
<doc>Verifies that the element identified by ``locator`` is visible.</doc>
<status status="PASS" start="2025-04-15T14:39:01.897450" elapsed="0.020917"/>
</kw>
<doc>Test de recherche d'un utilisateur existant</doc>
<tag>read</tag>
<tag>user_management</tag>
<status status="PASS" start="2025-04-15T14:38:57.295680" elapsed="4.622842"/>
</test>
<test id="s1-t3" name="Test Modification Utilisateur" line="25">
<kw name="Given Accéder à la page Admin" owner="UserManagement">
<kw name="Wait Until Element Is Visible" owner="SeleniumLibrary">
<arg>xpath=//a[contains(@href, '/admin/viewAdminModule')]</arg>
<arg>10s</arg>
<doc>Waits until the element ``locator`` is visible.</doc>
<status status="PASS" start="2025-04-15T14:39:01.919125" elapsed="0.007710"/>
</kw>
<kw name="Click Element" owner="SeleniumLibrary">
<msg time="2025-04-15T14:39:01.927034" level="INFO">Clicking element 'xpath=//a[contains(@href, '/admin/viewAdminModule')]'.</msg>
<arg>xpath=//a[contains(@href, '/admin/viewAdminModule')]</arg>
<doc>Click the element identified by ``locator``.</doc>
<status status="PASS" start="2025-04-15T14:39:01.926935" elapsed="0.530504"/>
</kw>
<kw name="Sleep" owner="BuiltIn">
<msg time="2025-04-15T14:39:04.458322" level="INFO">Slept 2 seconds.</msg>
<arg>2s</arg>
<doc>Pauses the test executed for the given time.</doc>
<status status="PASS" start="2025-04-15T14:39:02.457587" elapsed="2.000971"/>
</kw>
<status status="PASS" start="2025-04-15T14:39:01.918972" elapsed="2.539797"/>
</kw>
<kw name="When Rechercher l'utilisateur créé" owner="UserManagement">
<kw name="Wait Until Element Is Visible" owner="SeleniumLibrary">
<arg>xpath=//label[normalize-space()='Username']/../..//input</arg>
<arg>10s</arg>
<doc>Waits until the element ``locator`` is visible.</doc>
<status status="PASS" start="2025-04-15T14:39:04.459807" elapsed="0.021322"/>
</kw>
<kw name="Input Text" owner="SeleniumLibrary">
<msg time="2025-04-15T14:39:04.481632" level="INFO">Typing text 'Robotframework' into text field 'xpath=//label[normalize-space()='Username']/../..//input'.</msg>
<arg>xpath=//label[normalize-space()='Username']/../..//input</arg>
<arg>${NEW_USERNAME}</arg>
<doc>Types the given ``text`` into the text field identified by ``locator``.</doc>
<status status="PASS" start="2025-04-15T14:39:04.481364" elapsed="0.037660"/>
</kw>
<kw name="Wait Until Element Is Visible" owner="SeleniumLibrary">
<arg>xpath=//button[@type='submit']</arg>
<arg>10s</arg>
<doc>Waits until the element ``locator`` is visible.</doc>
<status status="PASS" start="2025-04-15T14:39:04.519148" elapsed="0.007310"/>
</kw>
<kw name="Click Element" owner="SeleniumLibrary">
<msg time="2025-04-15T14:39:04.526683" level="INFO">Clicking element 'xpath=//button[@type='submit']'.</msg>
<arg>xpath=//button[@type='submit']</arg>
<doc>Click the element identified by ``locator``.</doc>
<status status="PASS" start="2025-04-15T14:39:04.526576" elapsed="0.025353"/>
</kw>
<kw name="Sleep" owner="BuiltIn">
<msg time="2025-04-15T14:39:06.553163" level="INFO">Slept 2 seconds.</msg>
<arg>2s</arg>
<doc>Pauses the test executed for the given time.</doc>
<status status="PASS" start="2025-04-15T14:39:04.552045" elapsed="2.001357"/>
</kw>
<status status="PASS" start="2025-04-15T14:39:04.459357" elapsed="2.094261"/>
</kw>
<kw name="And Modifier l'utilisateur" owner="UserManagement">
<kw name="Wait Until Element Is Visible" owner="SeleniumLibrary">
<arg>xpath=//div[text()='${NEW_USERNAME}']/../..//i[contains(@class, 'bi-pencil-fill')]</arg>
<arg>10s</arg>
<doc>Waits until the element ``locator`` is visible.</doc>
<status status="PASS" start="2025-04-15T14:39:06.554662" elapsed="0.022389"/>
</kw>
<kw name="Click Element" owner="SeleniumLibrary">
<msg time="2025-04-15T14:39:06.577558" level="INFO">Clicking element 'xpath=//div[text()='Robotframework']/../..//i[contains(@class, 'bi-pencil-fill')]'.</msg>
<arg>xpath=//div[text()='${NEW_USERNAME}']/../..//i[contains(@class, 'bi-pencil-fill')]</arg>
<doc>Click the element identified by ``locator``.</doc>
<status status="PASS" start="2025-04-15T14:39:06.577280" elapsed="0.291654"/>
</kw>
<kw name="Sleep" owner="BuiltIn">
<msg time="2025-04-15T14:39:08.870111" level="INFO">Slept 2 seconds.</msg>
<arg>2s</arg>
<doc>Pauses the test executed for the given time.</doc>
<status status="PASS" start="2025-04-15T14:39:06.869106" elapsed="2.001218"/>
</kw>
<kw name="Wait Until Element Is Visible" owner="SeleniumLibrary">
<arg>xpath=//label[normalize-space()='Status']/../..//div[contains(@class, 'oxd-select-text')]</arg>
<arg>10s</arg>
<doc>Waits until the element ``locator`` is visible.</doc>
<status status="PASS" start="2025-04-15T14:39:08.870650" elapsed="0.021069"/>
</kw>
<kw name="Click Element" owner="SeleniumLibrary">
<msg time="2025-04-15T14:39:08.892194" level="INFO">Clicking element 'xpath=//label[normalize-space()='Status']/../..//div[contains(@class, 'oxd-select-text')]'.</msg>
<arg>xpath=//label[normalize-space()='Status']/../..//div[contains(@class, 'oxd-select-text')]</arg>
<doc>Click the element identified by ``locator``.</doc>
<status status="PASS" start="2025-04-15T14:39:08.891976" elapsed="0.047763"/>
</kw>
<kw name="Sleep" owner="BuiltIn">
<msg time="2025-04-15T14:39:09.942495" level="INFO">Slept 1 second.</msg>
<arg>1s</arg>
<doc>Pauses the test executed for the given time.</doc>
<status status="PASS" start="2025-04-15T14:39:08.939846" elapsed="1.002936"/>
</kw>
<kw name="Click Element" owner="SeleniumLibrary">
<msg time="2025-04-15T14:39:09.943629" level="INFO">Clicking element 'xpath=//div[@role='listbox']//span[text()='Disabled']'.</msg>
<arg>xpath=//div[@role='listbox']//span[text()='Disabled']</arg>
<doc>Click the element identified by ``locator``.</doc>
<status status="PASS" start="2025-04-15T14:39:09.943184" elapsed="0.061116"/>
</kw>
<kw name="Click Button" owner="SeleniumLibrary">
<msg time="2025-04-15T14:39:10.004604" level="INFO">Clicking button 'xpath=//button[normalize-space()='Save']'.</msg>
<arg>xpath=//button[normalize-space()='Save']</arg>
<doc>Clicks the button identified by ``locator``.</doc>
<status status="PASS" start="2025-04-15T14:39:10.004423" elapsed="0.038802"/>
</kw>
<kw name="Sleep" owner="BuiltIn">
<msg time="2025-04-15T14:39:12.045192" level="INFO">Slept 2 seconds.</msg>
<arg>2s</arg>
<doc>Pauses the test executed for the given time.</doc>
<status status="PASS" start="2025-04-15T14:39:10.043345" elapsed="2.002105"/>
</kw>
<status status="PASS" start="2025-04-15T14:39:06.554219" elapsed="5.491449"/>
</kw>
<kw name="Sleep" owner="BuiltIn">
<msg time="2025-04-15T14:39:15.046935" level="INFO">Slept 3 seconds.</msg>
<arg>3s</arg>
<doc>Pauses the test executed for the given time.</doc>
<status status="PASS" start="2025-04-15T14:39:12.046073" elapsed="3.001083"/>
</kw>
<kw name="And Rechercher l'utilisateur créé" owner="UserManagement">
<kw name="Wait Until Element Is Visible" owner="SeleniumLibrary">
<arg>xpath=//label[normalize-space()='Username']/../..//input</arg>
<arg>10s</arg>
<doc>Waits until the element ``locator`` is visible.</doc>
<status status="PASS" start="2025-04-15T14:39:15.048333" elapsed="0.021576"/>
</kw>
<kw name="Input Text" owner="SeleniumLibrary">
<msg time="2025-04-15T14:39:15.070414" level="INFO">Typing text 'Robotframework' into text field 'xpath=//label[normalize-space()='Username']/../..//input'.</msg>
<arg>xpath=//label[normalize-space()='Username']/../..//input</arg>
<arg>${NEW_USERNAME}</arg>
<doc>Types the given ``text`` into the text field identified by ``locator``.</doc>
<status status="PASS" start="2025-04-15T14:39:15.070148" elapsed="0.038387"/>
</kw>
<kw name="Wait Until Element Is Visible" owner="SeleniumLibrary">
<arg>xpath=//button[@type='submit']</arg>
<arg>10s</arg>
<doc>Waits until the element ``locator`` is visible.</doc>
<status status="PASS" start="2025-04-15T14:39:15.108659" elapsed="0.006825"/>
</kw>
<kw name="Click Element" owner="SeleniumLibrary">
<msg time="2025-04-15T14:39:15.115694" level="INFO">Clicking element 'xpath=//button[@type='submit']'.</msg>
<arg>xpath=//button[@type='submit']</arg>
<doc>Click the element identified by ``locator``.</doc>
<status status="PASS" start="2025-04-15T14:39:15.115591" elapsed="0.031111"/>
</kw>
<kw name="Sleep" owner="BuiltIn">
<msg time="2025-04-15T14:39:17.147208" level="INFO">Slept 2 seconds.</msg>
<arg>2s</arg>
<doc>Pauses the test executed for the given time.</doc>
<status status="PASS" start="2025-04-15T14:39:15.146884" elapsed="2.000555"/>
</kw>
<status status="PASS" start="2025-04-15T14:39:15.047831" elapsed="2.099822"/>
</kw>
<kw name="Then Page Should Contain" owner="SeleniumLibrary">
<msg time="2025-04-15T14:39:17.167028" level="INFO">Current page contains text 'Disabled'.</msg>
<arg>Disabled</arg>
<doc>Verifies that current page contains ``text``.</doc>
<status status="PASS" start="2025-04-15T14:39:17.148144" elapsed="0.019073"/>
</kw>
<doc>Test de modification du statut d'un utilisateur</doc>
<tag>update</tag>
<tag>user_management</tag>
<status status="PASS" start="2025-04-15T14:39:01.918671" elapsed="15.248967"/>
</test>
<test id="s1-t4" name="Test Suppression Utilisateur" line="35">
<kw name="Given Accéder à la page Admin" owner="UserManagement">
<kw name="Wait Until Element Is Visible" owner="SeleniumLibrary">
<arg>xpath=//a[contains(@href, '/admin/viewAdminModule')]</arg>
<arg>10s</arg>
<doc>Waits until the element ``locator`` is visible.</doc>
<status status="PASS" start="2025-04-15T14:39:17.169102" elapsed="0.012637"/>
</kw>
<kw name="Click Element" owner="SeleniumLibrary">
<msg time="2025-04-15T14:39:17.182051" level="INFO">Clicking element 'xpath=//a[contains(@href, '/admin/viewAdminModule')]'.</msg>
<arg>xpath=//a[contains(@href, '/admin/viewAdminModule')]</arg>
<doc>Click the element identified by ``locator``.</doc>
<status status="PASS" start="2025-04-15T14:39:17.181899" elapsed="0.478234"/>
</kw>
<kw name="Sleep" owner="BuiltIn">
<msg time="2025-04-15T14:39:19.661288" level="INFO">Slept 2 seconds.</msg>
<arg>2s</arg>
<doc>Pauses the test executed for the given time.</doc>
<status status="PASS" start="2025-04-15T14:39:17.660307" elapsed="2.001198"/>
</kw>
<status status="PASS" start="2025-04-15T14:39:17.168747" elapsed="2.492942"/>
</kw>
<kw name="When Rechercher l'utilisateur créé" owner="UserManagement">
<kw name="Wait Until Element Is Visible" owner="SeleniumLibrary">
<arg>xpath=//label[normalize-space()='Username']/../..//input</arg>
<arg>10s</arg>
<doc>Waits until the element ``locator`` is visible.</doc>
<status status="PASS" start="2025-04-15T14:39:19.662773" elapsed="0.020745"/>
</kw>
<kw name="Input Text" owner="SeleniumLibrary">
<msg time="2025-04-15T14:39:19.684017" level="INFO">Typing text 'Robotframework' into text field 'xpath=//label[normalize-space()='Username']/../..//input'.</msg>
<arg>xpath=//label[normalize-space()='Username']/../..//input</arg>
<arg>${NEW_USERNAME}</arg>
<doc>Types the given ``text`` into the text field identified by ``locator``.</doc>
<status status="PASS" start="2025-04-15T14:39:19.683748" elapsed="0.037984"/>
</kw>
<kw name="Wait Until Element Is Visible" owner="SeleniumLibrary">
<arg>xpath=//button[@type='submit']</arg>
<arg>10s</arg>
<doc>Waits until the element ``locator`` is visible.</doc>
<status status="PASS" start="2025-04-15T14:39:19.721856" elapsed="0.006415"/>
</kw>
<kw name="Click Element" owner="SeleniumLibrary">
<msg time="2025-04-15T14:39:19.728463" level="INFO">Clicking element 'xpath=//button[@type='submit']'.</msg>
<arg>xpath=//button[@type='submit']</arg>
<doc>Click the element identified by ``locator``.</doc>
<status status="PASS" start="2025-04-15T14:39:19.728370" elapsed="0.020062"/>
</kw>
<kw name="Sleep" owner="BuiltIn">
<msg time="2025-04-15T14:39:21.749036" level="INFO">Slept 2 seconds.</msg>
<arg>2s</arg>
<doc>Pauses the test executed for the given time.</doc>
<status status="PASS" start="2025-04-15T14:39:19.748542" elapsed="2.000729"/>
</kw>
<status status="PASS" start="2025-04-15T14:39:19.662285" elapsed="2.087216"/>
</kw>
<kw name="And Supprimer l'utilisateur" owner="UserManagement">
<kw name="Wait Until Element Is Visible" owner="SeleniumLibrary">
<arg>xpath=//div[text()='${NEW_USERNAME}']/../..//i[contains(@class, 'bi-trash')]</arg>
<arg>10s</arg>
<doc>Waits until the element ``locator`` is visible.</doc>
<status status="PASS" start="2025-04-15T14:39:21.750577" elapsed="0.022703"/>
</kw>
<kw name="Click Element" owner="SeleniumLibrary">
<msg time="2025-04-15T14:39:21.773784" level="INFO">Clicking element 'xpath=//div[text()='Robotframework']/../..//i[contains(@class, 'bi-trash')]'.</msg>
<arg>xpath=//div[text()='${NEW_USERNAME}']/../..//i[contains(@class, 'bi-trash')]</arg>
<doc>Click the element identified by ``locator``.</doc>
<status status="PASS" start="2025-04-15T14:39:21.773509" elapsed="0.041539"/>
</kw>
<kw name="Sleep" owner="BuiltIn">
<msg time="2025-04-15T14:39:23.816214" level="INFO">Slept 2 seconds.</msg>
<arg>2s</arg>
<doc>Pauses the test executed for the given time.</doc>
<status status="PASS" start="2025-04-15T14:39:21.815171" elapsed="2.001258"/>
</kw>
<kw name="Wait Until Element Is Visible" owner="SeleniumLibrary">
<arg>xpath=//div[@role='document']//button[normalize-space()='Yes, Delete']</arg>
<arg>10s</arg>
<doc>Waits until the element ``locator`` is visible.</doc>
<status status="PASS" start="2025-04-15T14:39:23.816768" elapsed="0.023261"/>
</kw>
<kw name="Click Element" owner="SeleniumLibrary">
<msg time="2025-04-15T14:39:23.840472" level="INFO">Clicking element 'xpath=//div[@role='document']//button[normalize-space()='Yes, Delete']'.</msg>
<arg>xpath=//div[@role='document']//button[normalize-space()='Yes, Delete']</arg>
<doc>Click the element identified by ``locator``.</doc>
<status status="PASS" start="2025-04-15T14:39:23.840258" elapsed="0.046953"/>
</kw>
<kw name="Sleep" owner="BuiltIn">
<msg time="2025-04-15T14:39:26.887718" level="INFO">Slept 3 seconds.</msg>
<arg>3s</arg>
<doc>Pauses the test executed for the given time.</doc>
<status status="PASS" start="2025-04-15T14:39:23.887327" elapsed="3.000653"/>
</kw>
<kw name="Wait Until Page Contains" owner="SeleniumLibrary">
<arg>No Records Found</arg>
<arg>10s</arg>
<doc>Waits until ``text`` appears on the current page.</doc>
<status status="PASS" start="2025-04-15T14:39:26.888652" elapsed="0.015975"/>
</kw>
<status status="PASS" start="2025-04-15T14:39:21.750117" elapsed="5.154875"/>
</kw>
<kw name="Sleep" owner="BuiltIn">
<msg time="2025-04-15T14:39:29.906983" level="INFO">Slept 3 seconds.</msg>
<arg>3s</arg>
<doc>Pauses the test executed for the given time.</doc>
<status status="PASS" start="2025-04-15T14:39:26.905271" elapsed="3.001960"/>
</kw>
<kw name="And Rechercher l'utilisateur créé" owner="UserManagement">
<kw name="Wait Until Element Is Visible" owner="SeleniumLibrary">
<arg>xpath=//label[normalize-space()='Username']/../..//input</arg>
<arg>10s</arg>
<doc>Waits until the element ``locator`` is visible.</doc>
<status status="PASS" start="2025-04-15T14:39:29.908429" elapsed="0.020709"/>
</kw>
<kw name="Input Text" owner="SeleniumLibrary">
<msg time="2025-04-15T14:39:29.929673" level="INFO">Typing text 'Robotframework' into text field 'xpath=//label[normalize-space()='Username']/../..//input'.</msg>
<arg>xpath=//label[normalize-space()='Username']/../..//input</arg>
<arg>${NEW_USERNAME}</arg>
<doc>Types the given ``text`` into the text field identified by ``locator``.</doc>
<status status="PASS" start="2025-04-15T14:39:29.929386" elapsed="0.045329"/>
</kw>
<kw name="Wait Until Element Is Visible" owner="SeleniumLibrary">
<arg>xpath=//button[@type='submit']</arg>
<arg>10s</arg>
<doc>Waits until the element ``locator`` is visible.</doc>
<status status="PASS" start="2025-04-15T14:39:29.974846" elapsed="0.007208"/>
</kw>
<kw name="Click Element" owner="SeleniumLibrary">
<msg time="2025-04-15T14:39:29.982445" level="INFO">Clicking element 'xpath=//button[@type='submit']'.</msg>
<arg>xpath=//button[@type='submit']</arg>
<doc>Click the element identified by ``locator``.</doc>
<status status="PASS" start="2025-04-15T14:39:29.982275" elapsed="0.034770"/>
</kw>
<kw name="Sleep" owner="BuiltIn">
<msg time="2025-04-15T14:39:32.018592" level="INFO">Slept 2 seconds.</msg>
<arg>2s</arg>
<doc>Pauses the test executed for the given time.</doc>
<status status="PASS" start="2025-04-15T14:39:30.017222" elapsed="2.001627"/>
</kw>
<status status="PASS" start="2025-04-15T14:39:29.907929" elapsed="2.111145"/>
</kw>
<kw name="Then Page Should Contain" owner="SeleniumLibrary">
<msg time="2025-04-15T14:39:32.034214" level="INFO">Current page contains text 'No Records Found'.</msg>
<arg>No Records Found</arg>
<doc>Verifies that current page contains ``text``.</doc>
<status status="PASS" start="2025-04-15T14:39:32.019594" elapsed="0.014812"/>
</kw>
<doc>Test de suppression d'un utilisateur</doc>
<tag>delete</tag>
<tag>user_management</tag>
<status status="PASS" start="2025-04-15T14:39:17.167990" elapsed="14.866873"/>
</test>
<test id="s1-t5" name="Test Déconnexion" line="45">
<kw name="Given Se déconnecter" owner="UserManagement">
<kw name="Sleep" owner="BuiltIn">
<msg time="2025-04-15T14:39:34.036724" level="INFO">Slept 2 seconds.</msg>
<arg>2s</arg>
<doc>Pauses the test executed for the given time.</doc>
<status status="PASS" start="2025-04-15T14:39:32.036200" elapsed="2.000725"/>
</kw>
<kw name="Wait Until Element Is Not Visible" owner="SeleniumLibrary">
<arg>xpath=//div[@role='document']</arg>
<arg>10s</arg>
<doc>Waits until the element ``locator`` is not visible.</doc>
<status status="PASS" start="2025-04-15T14:39:34.037217" elapsed="0.014255"/>
</kw>
<kw name="Wait Until Element Is Visible" owner="SeleniumLibrary">
<arg>xpath=//span[@class='oxd-userdropdown-tab']</arg>
<arg>10s</arg>
<doc>Waits until the element ``locator`` is visible.</doc>
<status status="PASS" start="2025-04-15T14:39:34.051846" elapsed="0.018189"/>
</kw>
<kw name="Click Element" owner="SeleniumLibrary">
<msg time="2025-04-15T14:39:34.070437" level="INFO">Clicking element 'xpath=//span[@class='oxd-userdropdown-tab']'.</msg>
<arg>xpath=//span[@class='oxd-userdropdown-tab']</arg>
<doc>Click the element identified by ``locator``.</doc>
<status status="PASS" start="2025-04-15T14:39:34.070242" elapsed="0.028515"/>
</kw>
<kw name="Sleep" owner="BuiltIn">
<msg time="2025-04-15T14:39:36.100490" level="INFO">Slept 2 seconds.</msg>
<arg>2s</arg>
<doc>Pauses the test executed for the given time.</doc>
<status status="PASS" start="2025-04-15T14:39:34.098902" elapsed="2.001894"/>
</kw>
<kw name="Wait Until Element Is Visible" owner="SeleniumLibrary">
<arg>xpath=//ul[@class='oxd-dropdown-menu']/li[4]/a</arg>
<arg>10s</arg>
<doc>Waits until the element ``locator`` is visible.</doc>
<status status="PASS" start="2025-04-15T14:39:36.101153" elapsed="0.023864"/>
</kw>
<kw name="Click Element" owner="SeleniumLibrary">
<msg time="2025-04-15T14:39:36.125500" level="INFO">Clicking element 'xpath=//ul[@class='oxd-dropdown-menu']/li[4]/a'.</msg>
<arg>xpath=//ul[@class='oxd-dropdown-menu']/li[4]/a</arg>
<doc>Click the element identified by ``locator``.</doc>
<status status="PASS" start="2025-04-15T14:39:36.125267" elapsed="0.748167"/>
</kw>
<kw name="Sleep" owner="BuiltIn">
<msg time="2025-04-15T14:39:38.873930" level="INFO">Slept 2 seconds.</msg>
<arg>2s</arg>
<doc>Pauses the test executed for the given time.</doc>
<status status="PASS" start="2025-04-15T14:39:36.873577" elapsed="2.000593"/>
</kw>
<status status="PASS" start="2025-04-15T14:39:32.035936" elapsed="6.838441"/>
</kw>
<kw name="Then Vérifier la page de connexion" owner="UserManagement">
<kw name="Wait Until Element Is Visible" owner="SeleniumLibrary">
<arg>xpath=//h5[normalize-space()='Login']</arg>
<arg>10s</arg>
<doc>Waits until the element ``locator`` is visible.</doc>
<status status="PASS" start="2025-04-15T14:39:38.875460" elapsed="0.024865"/>
</kw>
<kw name="Element Should Be Visible" owner="SeleniumLibrary">
<msg time="2025-04-15T14:39:38.913413" level="INFO">Element 'name=username' is displayed.</msg>
<arg>name=username</arg>
<doc>Verifies that the element identified by ``locator`` is visible.</doc>
<status status="PASS" start="2025-04-15T14:39:38.900556" elapsed="0.012949"/>
</kw>
<kw name="Element Should Be Visible" owner="SeleniumLibrary">
<msg time="2025-04-15T14:39:38.923878" level="INFO">Element 'name=password' is displayed.</msg>
<arg>name=password</arg>
<doc>Verifies that the element identified by ``locator`` is visible.</doc>
<status status="PASS" start="2025-04-15T14:39:38.913772" elapsed="0.010179"/>
</kw>
<status status="PASS" start="2025-04-15T14:39:38.874982" elapsed="0.049050"/>
</kw>
<doc>Test de déconnexion</doc>
<tag>logout</tag>
<tag>user_management</tag>
<status status="PASS" start="2025-04-15T14:39:32.035379" elapsed="6.888806"/>
</test>
<kw name="Close Browser" owner="SeleniumLibrary" type="TEARDOWN">
<doc>Closes the current browser.</doc>
<status status="PASS" start="2025-04-15T14:39:38.924593" elapsed="0.093526"/>
</kw>
<doc>Test de gestion des utilisateurs dans OrangeHRM</doc>
<status status="PASS" start="2025-04-15T14:38:31.802881" elapsed="67.215328"/>
</suite>
<statistics>
<total>
<stat pass="5" fail="0" skip="0">All Tests</stat>
</total>
<tag>
<stat pass="1" fail="0" skip="0">create</stat>
<stat pass="1" fail="0" skip="0">delete</stat>
<stat pass="1" fail="0" skip="0">logout</stat>
<stat pass="1" fail="0" skip="0">read</stat>
<stat pass="1" fail="0" skip="0">update</stat>
<stat pass="5" fail="0" skip="0">user_management</stat>
</tag>
<suite>
<stat pass="5" fail="0" skip="0" id="s1" name="GestionUtilisateurs">GestionUtilisateurs</stat>
</suite>
</statistics>
<errors>
</errors>
</robot>
